# Create Comm
# Create Map
========= Map Info =========
type: 0
shape: (4,3,)

# Create DenseTensor (2D matrix)
3 column vectors with 4 entities
========= Tensor Info =========
dimension: 2
DATATYPE: d   shape: (4,3,)
Map<dimension,mtype>: N2SE3MapILi2ELNS_5MTYPEE0EEE
device: 1
STORETYPE: 0
========= Tensor Content0=========
 1.00  0.00  0.00 
 1.00  1.00  0.00 
 1.00  1.00  1.00 
 0.00  0.00  0.00 

# Symmetric orthogonalization
========= Tensor Info =========
dimension: 2
DATATYPE: d   shape: (4,3,)
Map<dimension,mtype>: N2SE3MapILi2ELNS_5MTYPEE0EEE
device: 1
STORETYPE: 0
========= Tensor Content0=========
-0.59 -0.74  0.33 
 0.74 -0.33  0.59 
-0.33  0.59  0.74 
 0.00  0.00  0.00 

# QR orthonormalization
========= Tensor Info =========
dimension: 2
DATATYPE: d   shape: (4,3,)
Map<dimension,mtype>: N2SE3MapILi2ELNS_5MTYPEE0EEE
device: 1
STORETYPE: 0
========= Tensor Content0=========
-0.58  0.82 -0.00 
-0.58 -0.41 -0.71 
-0.58 -0.41  0.71 
-0.00 -0.00 -0.00 

# Create DenseTensor (1D matrix)
1 column vectors with 3 entities
========= Tensor Info =========
dimension: 1
DATATYPE: d   shape: (3,)
Map<dimension,mtype>: N2SE3MapILi1ELNS_5MTYPEE0EEE
device: 1
STORETYPE: 0
========= Tensor Content0=========
1.00 1.00 1.00 

# Matrix-matrix Multiplication (dense-dense)
========= Tensor Info =========
dimension: 1
DATATYPE: d   shape: (4,)
Map<dimension,mtype>: N2SE3MapILi1ELNS_5MTYPEE0EEE
device: 1
STORETYPE: 0
========= Tensor Content0=========
1.00 2.00 3.00 0.00 

##############################
# Sparse matrix operation
# DenseTensor (N by N matrix), Fourth-order finite difference operator matrix for the second derivative
========= Tensor Info =========
dimension: 2
DATATYPE: d   shape: (20,20,)
Map<dimension,mtype>: N2SE3MapILi2ELNS_5MTYPEE0EEE
device: 1
STORETYPE: 0
========= Tensor Content0=========
-2.50  1.33 -0.08  0.00  0.00  0.00  0.00  0.00  0.00  0.00  0.00  0.00  0.00  0.00  0.00  0.00  0.00  0.00  0.00  0.00 
 1.33 -2.50  1.33 -0.08  0.00  0.00  0.00  0.00  0.00  0.00  0.00  0.00  0.00  0.00  0.00  0.00  0.00  0.00  0.00  0.00 
-0.08  1.33 -2.50  1.33 -0.08  0.00  0.00  0.00  0.00  0.00  0.00  0.00  0.00  0.00  0.00  0.00  0.00  0.00  0.00  0.00 
 0.00 -0.08  1.33 -2.50  1.33 -0.08  0.00  0.00  0.00  0.00  0.00  0.00  0.00  0.00  0.00  0.00  0.00  0.00  0.00  0.00 
 0.00  0.00 -0.08  1.33 -2.50  1.33 -0.08  0.00  0.00  0.00  0.00  0.00  0.00  0.00  0.00  0.00  0.00  0.00  0.00  0.00 
 0.00  0.00  0.00 -0.08  1.33 -2.50  1.33 -0.08  0.00  0.00  0.00  0.00  0.00  0.00  0.00  0.00  0.00  0.00  0.00  0.00 
 0.00  0.00  0.00  0.00 -0.08  1.33 -2.50  1.33 -0.08  0.00  0.00  0.00  0.00  0.00  0.00  0.00  0.00  0.00  0.00  0.00 
 0.00  0.00  0.00  0.00  0.00 -0.08  1.33 -2.50  1.33 -0.08  0.00  0.00  0.00  0.00  0.00  0.00  0.00  0.00  0.00  0.00 
 0.00  0.00  0.00  0.00  0.00  0.00 -0.08  1.33 -2.50  1.33 -0.08  0.00  0.00  0.00  0.00  0.00  0.00  0.00  0.00  0.00 
 0.00  0.00  0.00  0.00  0.00  0.00  0.00 -0.08  1.33 -2.50  1.33 -0.08  0.00  0.00  0.00  0.00  0.00  0.00  0.00  0.00 
 0.00  0.00  0.00  0.00  0.00  0.00  0.00  0.00 -0.08  1.33 -2.50  1.33 -0.08  0.00  0.00  0.00  0.00  0.00  0.00  0.00 
 0.00  0.00  0.00  0.00  0.00  0.00  0.00  0.00  0.00 -0.08  1.33 -2.50  1.33 -0.08  0.00  0.00  0.00  0.00  0.00  0.00 
 0.00  0.00  0.00  0.00  0.00  0.00  0.00  0.00  0.00  0.00 -0.08  1.33 -2.50  1.33 -0.08  0.00  0.00  0.00  0.00  0.00 
 0.00  0.00  0.00  0.00  0.00  0.00  0.00  0.00  0.00  0.00  0.00 -0.08  1.33 -2.50  1.33 -0.08  0.00  0.00  0.00  0.00 
 0.00  0.00  0.00  0.00  0.00  0.00  0.00  0.00  0.00  0.00  0.00  0.00 -0.08  1.33 -2.50  1.33 -0.08  0.00  0.00  0.00 
 0.00  0.00  0.00  0.00  0.00  0.00  0.00  0.00  0.00  0.00  0.00  0.00  0.00 -0.08  1.33 -2.50  1.33 -0.08  0.00  0.00 
 0.00  0.00  0.00  0.00  0.00  0.00  0.00  0.00  0.00  0.00  0.00  0.00  0.00  0.00 -0.08  1.33 -2.50  1.33 -0.08  0.00 
 0.00  0.00  0.00  0.00  0.00  0.00  0.00  0.00  0.00  0.00  0.00  0.00  0.00  0.00  0.00 -0.08  1.33 -2.50  1.33 -0.08 
 0.00  0.00  0.00  0.00  0.00  0.00  0.00  0.00  0.00  0.00  0.00  0.00  0.00  0.00  0.00  0.00 -0.08  1.33 -2.50  1.33 
 0.00  0.00  0.00  0.00  0.00  0.00  0.00  0.00  0.00  0.00  0.00  0.00  0.00  0.00  0.00  0.00  0.00 -0.08  1.33 -2.50 

# SparseTensor (N by N matrix), Fourth-order finite difference operator matrix for the second derivative
========= Tensor Info =========
dimension: 2
DATATYPE: d   shape: (20,20,)
Map<dimension,mtype>: N2SE3MapILi2ELNS_5MTYPEE0EEE
device: 1
STORETYPE: 1
========= Tensor Content =========
0	1	value
==================================
0	0	-2.50
0	1	1.33
0	2	-0.08
1	0	1.33
1	1	-2.50
1	2	1.33
1	3	-0.08
2	0	-0.08
2	1	1.33
2	2	-2.50
2	3	1.33
2	4	-0.08
3	1	-0.08
3	2	1.33
3	3	-2.50
3	4	1.33
3	5	-0.08
4	2	-0.08
4	3	1.33
4	4	-2.50
4	5	1.33
4	6	-0.08
5	3	-0.08
5	4	1.33
5	5	-2.50
5	6	1.33
5	7	-0.08
6	4	-0.08
6	5	1.33
6	6	-2.50
6	7	1.33
6	8	-0.08
7	5	-0.08
7	6	1.33
7	7	-2.50
7	8	1.33
7	9	-0.08
8	6	-0.08
8	7	1.33
8	8	-2.50
8	9	1.33
8	10	-0.08
9	7	-0.08
9	8	1.33
9	9	-2.50
9	10	1.33
9	11	-0.08
10	8	-0.08
10	9	1.33
10	10	-2.50
10	11	1.33
10	12	-0.08
11	9	-0.08
11	10	1.33
11	11	-2.50
11	12	1.33
11	13	-0.08
12	10	-0.08
12	11	1.33
12	12	-2.50
12	13	1.33
12	14	-0.08
13	11	-0.08
13	12	1.33
13	13	-2.50
13	14	1.33
13	15	-0.08
14	12	-0.08
14	13	1.33
14	14	-2.50
14	15	1.33
14	16	-0.08
15	13	-0.08
15	14	1.33
15	15	-2.50
15	16	1.33
15	17	-0.08
16	14	-0.08
16	15	1.33
16	16	-2.50
16	17	1.33
16	18	-0.08
17	15	-0.08
17	16	1.33
17	17	-2.50
17	18	1.33
17	19	-0.08
18	16	-0.08
18	17	1.33
18	18	-2.50
18	19	1.33
19	17	-0.08
19	18	1.33
19	19	-2.50


# DenseTensor (1 by N matrix)
========= Tensor Info =========
dimension: 1
DATATYPE: d   shape: (20,)
Map<dimension,mtype>: N2SE3MapILi1ELNS_5MTYPEE0EEE
device: 1
STORETYPE: 0
========= Tensor Content0=========
1.00 0.00 0.00 1.00 0.00 0.00 0.00 0.00 0.00 0.00 0.00 0.00 0.00 0.00 0.00 0.00 0.00 0.00 0.00 0.00 

# Sparse matrix - vector multiplication
========= Tensor Info =========
dimension: 1
DATATYPE: d   shape: (20,)
Map<dimension,mtype>: N2SE3MapILi1ELNS_5MTYPEE0EEE
device: 1
STORETYPE: 0
========= Tensor Content0=========
-2.50 1.25 1.25 -2.50 1.33 -0.08 0.00 0.00 0.00 0.00 0.00 0.00 0.00 0.00 0.00 0.00 0.00 0.00 0.00 0.00 

# Sparse matrix - dense matrix multiplication
========= Tensor Info =========
dimension: 2
DATATYPE: d   shape: (20,20,)
Map<dimension,mtype>: N2SE3MapILi2ELNS_5MTYPEE0EEE
device: 1
STORETYPE: 0
========= Tensor Content0=========
 8.03 -6.78  2.19 -0.22  0.01  0.00  0.00  0.00  0.00  0.00  0.00  0.00  0.00  0.00  0.00  0.00  0.00  0.00  0.00  0.00 
-6.78  9.81 -6.89  2.19 -0.22  0.01  0.00  0.00  0.00  0.00  0.00  0.00  0.00  0.00  0.00  0.00  0.00  0.00  0.00  0.00 
 2.19 -6.89  9.82 -6.89  2.19 -0.22  0.01  0.00  0.00  0.00  0.00  0.00  0.00  0.00  0.00  0.00  0.00  0.00  0.00  0.00 
-0.22  2.19 -6.89  9.82 -6.89  2.19 -0.22  0.01  0.00  0.00  0.00  0.00  0.00  0.00  0.00  0.00  0.00  0.00  0.00  0.00 
 0.01 -0.22  2.19 -6.89  9.82 -6.89  2.19 -0.22  0.01  0.00  0.00  0.00  0.00  0.00  0.00  0.00  0.00  0.00  0.00  0.00 
 0.00  0.01 -0.22  2.19 -6.89  9.82 -6.89  2.19 -0.22  0.01  0.00  0.00  0.00  0.00  0.00  0.00  0.00  0.00  0.00  0.00 
 0.00  0.00  0.01 -0.22  2.19 -6.89  9.82 -6.89  2.19 -0.22  0.01  0.00  0.00  0.00  0.00  0.00  0.00  0.00  0.00  0.00 
 0.00  0.00  0.00  0.01 -0.22  2.19 -6.89  9.82 -6.89  2.19 -0.22  0.01  0.00  0.00  0.00  0.00  0.00  0.00  0.00  0.00 
 0.00  0.00  0.00  0.00  0.01 -0.22  2.19 -6.89  9.82 -6.89  2.19 -0.22  0.01  0.00  0.00  0.00  0.00  0.00  0.00  0.00 
 0.00  0.00  0.00  0.00  0.00  0.01 -0.22  2.19 -6.89  9.82 -6.89  2.19 -0.22  0.01  0.00  0.00  0.00  0.00  0.00  0.00 
 0.00  0.00  0.00  0.00  0.00  0.00  0.01 -0.22  2.19 -6.89  9.82 -6.89  2.19 -0.22  0.01  0.00  0.00  0.00  0.00  0.00 
 0.00  0.00  0.00  0.00  0.00  0.00  0.00  0.01 -0.22  2.19 -6.89  9.82 -6.89  2.19 -0.22  0.01  0.00  0.00  0.00  0.00 
 0.00  0.00  0.00  0.00  0.00  0.00  0.00  0.00  0.01 -0.22  2.19 -6.89  9.82 -6.89  2.19 -0.22  0.01  0.00  0.00  0.00 
 0.00  0.00  0.00  0.00  0.00  0.00  0.00  0.00  0.00  0.01 -0.22  2.19 -6.89  9.82 -6.89  2.19 -0.22  0.01  0.00  0.00 
 0.00  0.00  0.00  0.00  0.00  0.00  0.00  0.00  0.00  0.00  0.01 -0.22  2.19 -6.89  9.82 -6.89  2.19 -0.22  0.01  0.00 
 0.00  0.00  0.00  0.00  0.00  0.00  0.00  0.00  0.00  0.00  0.00  0.01 -0.22  2.19 -6.89  9.82 -6.89  2.19 -0.22  0.01 
 0.00  0.00  0.00  0.00  0.00  0.00  0.00  0.00  0.00  0.00  0.00  0.00  0.01 -0.22  2.19 -6.89  9.82 -6.89  2.19 -0.22 
 0.00  0.00  0.00  0.00  0.00  0.00  0.00  0.00  0.00  0.00  0.00  0.00  0.00  0.01 -0.22  2.19 -6.89  9.82 -6.89  2.19 
 0.00  0.00  0.00  0.00  0.00  0.00  0.00  0.00  0.00  0.00  0.00  0.00  0.00  0.00  0.01 -0.22  2.19 -6.89  9.81 -6.78 
 0.00  0.00  0.00  0.00  0.00  0.00  0.00  0.00  0.00  0.00  0.00  0.00  0.00  0.00  0.00  0.01 -0.22  2.19 -6.78  8.03 

